0 info it worked if it ends with ok
1 verbose cli [ '/usr/local/bin/node',
1 verbose cli   '/usr/local/bin/npm',
1 verbose cli   'install',
1 verbose cli   'htmltable_export',
1 verbose cli   '--save-dev' ]
2 info using npm@2.15.8
3 info using node@v4.4.7
4 verbose install initial load of /Users/albertlabarento/Developer/TestProjects/ncd-client/package.json
5 warn package.json typescript-angular@1.0.0 No description
6 warn package.json typescript-angular@1.0.0 No repository field.
7 warn package.json typescript-angular@1.0.0 No README data
8 verbose installManyTop reading scoped package data from /Users/albertlabarento/Developer/TestProjects/ncd-client/node_modules/angular/package.json
9 verbose installManyTop reading scoped package data from /Users/albertlabarento/Developer/TestProjects/ncd-client/node_modules/angular-animate/package.json
10 verbose installManyTop reading scoped package data from /Users/albertlabarento/Developer/TestProjects/ncd-client/node_modules/angular-aria/package.json
11 verbose installManyTop reading scoped package data from /Users/albertlabarento/Developer/TestProjects/ncd-client/node_modules/angular-material/package.json
12 verbose installManyTop reading scoped package data from /Users/albertlabarento/Developer/TestProjects/ncd-client/node_modules/angular-material-icons/package.json
13 verbose installManyTop reading scoped package data from /Users/albertlabarento/Developer/TestProjects/ncd-client/node_modules/angular-messages/package.json
14 verbose installManyTop reading scoped package data from /Users/albertlabarento/Developer/TestProjects/ncd-client/node_modules/angular-mocks/package.json
15 verbose installManyTop reading scoped package data from /Users/albertlabarento/Developer/TestProjects/ncd-client/node_modules/angular-moment/package.json
16 verbose installManyTop reading scoped package data from /Users/albertlabarento/Developer/TestProjects/ncd-client/node_modules/angular-ui-router/package.json
17 verbose installManyTop reading scoped package data from /Users/albertlabarento/Developer/TestProjects/ncd-client/node_modules/gulp-typescript/package.json
18 verbose installManyTop reading scoped package data from /Users/albertlabarento/Developer/TestProjects/ncd-client/node_modules/html-webpack-plugin/package.json
19 verbose installManyTop reading scoped package data from /Users/albertlabarento/Developer/TestProjects/ncd-client/node_modules/jasmine-core/package.json
20 verbose installManyTop reading scoped package data from /Users/albertlabarento/Developer/TestProjects/ncd-client/node_modules/jquery/package.json
21 verbose installManyTop reading scoped package data from /Users/albertlabarento/Developer/TestProjects/ncd-client/node_modules/karma/package.json
22 verbose installManyTop reading scoped package data from /Users/albertlabarento/Developer/TestProjects/ncd-client/node_modules/karma-chrome-launcher/package.json
23 verbose installManyTop reading scoped package data from /Users/albertlabarento/Developer/TestProjects/ncd-client/node_modules/karma-jasmine/package.json
24 verbose installManyTop reading scoped package data from /Users/albertlabarento/Developer/TestProjects/ncd-client/node_modules/karma-notify-reporter/package.json
25 verbose installManyTop reading scoped package data from /Users/albertlabarento/Developer/TestProjects/ncd-client/node_modules/karma-osx-reporter/package.json
26 verbose installManyTop reading scoped package data from /Users/albertlabarento/Developer/TestProjects/ncd-client/node_modules/karma-typescript-preprocessor/package.json
27 verbose installManyTop reading scoped package data from /Users/albertlabarento/Developer/TestProjects/ncd-client/node_modules/lodash/package.json
28 verbose installManyTop reading scoped package data from /Users/albertlabarento/Developer/TestProjects/ncd-client/node_modules/moment/package.json
29 verbose installManyTop reading scoped package data from /Users/albertlabarento/Developer/TestProjects/ncd-client/node_modules/momentjs/package.json
30 verbose installManyTop reading scoped package data from /Users/albertlabarento/Developer/TestProjects/ncd-client/node_modules/restangular/package.json
31 verbose installManyTop reading scoped package data from /Users/albertlabarento/Developer/TestProjects/ncd-client/node_modules/ts-loader/package.json
32 verbose installManyTop reading scoped package data from /Users/albertlabarento/Developer/TestProjects/ncd-client/node_modules/typescript/package.json
33 verbose installManyTop reading scoped package data from /Users/albertlabarento/Developer/TestProjects/ncd-client/node_modules/typescript-compiler/package.json
34 verbose installManyTop reading scoped package data from /Users/albertlabarento/Developer/TestProjects/ncd-client/node_modules/webpack/package.json
35 info package.json karma-jasmine@1.0.2 No README data
36 info package.json ts-loader@0.8.2 No README data
37 info package.json angular-material@1.1.0-rc4-master-06e7e99 No license field.
38 info package.json momentjs@1.1.12 license should be a valid SPDX license expression
39 verbose readDependencies loading dependencies from /Users/albertlabarento/Developer/TestProjects/ncd-client/package.json
40 silly cache add args [ 'htmltable_export', null ]
41 verbose cache add spec htmltable_export
42 silly cache add parsed spec Result {
42 silly cache add   raw: 'htmltable_export',
42 silly cache add   scope: null,
42 silly cache add   name: 'htmltable_export',
42 silly cache add   rawSpec: '',
42 silly cache add   spec: 'latest',
42 silly cache add   type: 'tag' }
43 silly addNamed htmltable_export@latest
44 verbose addNamed "latest" is being treated as a dist-tag for htmltable_export
45 info addNameTag [ 'htmltable_export', 'latest' ]
46 silly mapToRegistry name htmltable_export
47 silly mapToRegistry using default registry
48 silly mapToRegistry registry https://registry.npmjs.org/
49 silly mapToRegistry data Result {
49 silly mapToRegistry   raw: 'htmltable_export',
49 silly mapToRegistry   scope: null,
49 silly mapToRegistry   name: 'htmltable_export',
49 silly mapToRegistry   rawSpec: '',
49 silly mapToRegistry   spec: 'latest',
49 silly mapToRegistry   type: 'tag' }
50 silly mapToRegistry uri https://registry.npmjs.org/htmltable_export
51 verbose addNameTag registry:https://registry.npmjs.org/htmltable_export not in flight; fetching
52 verbose request uri https://registry.npmjs.org/htmltable_export
53 verbose request no auth needed
54 info attempt registry request try #1 at 11:43:01 AM
55 verbose request id 0e7ab4deff31bd05
56 http request GET https://registry.npmjs.org/htmltable_export
57 http 404 https://registry.npmjs.org/htmltable_export
58 verbose headers { 'content-type': 'application/json',
58 verbose headers   'cache-control': 'max-age=0',
58 verbose headers   'content-length': '2',
58 verbose headers   'accept-ranges': 'bytes',
58 verbose headers   date: 'Tue, 19 Jul 2016 03:43:07 GMT',
58 verbose headers   via: '1.1 varnish',
58 verbose headers   age: '0',
58 verbose headers   connection: 'keep-alive',
58 verbose headers   'x-served-by': 'cache-sin6927-SIN',
58 verbose headers   'x-cache': 'MISS',
58 verbose headers   'x-cache-hits': '0',
58 verbose headers   'x-timer': 'S1468899786.322125,VS0,VE1017',
58 verbose headers   vary: 'Accept-Encoding' }
59 silly get cb [ 404,
59 silly get   { 'content-type': 'application/json',
59 silly get     'cache-control': 'max-age=0',
59 silly get     'content-length': '2',
59 silly get     'accept-ranges': 'bytes',
59 silly get     date: 'Tue, 19 Jul 2016 03:43:07 GMT',
59 silly get     via: '1.1 varnish',
59 silly get     age: '0',
59 silly get     connection: 'keep-alive',
59 silly get     'x-served-by': 'cache-sin6927-SIN',
59 silly get     'x-cache': 'MISS',
59 silly get     'x-cache-hits': '0',
59 silly get     'x-timer': 'S1468899786.322125,VS0,VE1017',
59 silly get     vary: 'Accept-Encoding' } ]
60 verbose stack Error: Registry returned 404 for GET on https://registry.npmjs.org/htmltable_export
60 verbose stack     at makeError (/usr/local/lib/node_modules/npm/node_modules/npm-registry-client/lib/request.js:264:12)
60 verbose stack     at CachingRegistryClient.<anonymous> (/usr/local/lib/node_modules/npm/node_modules/npm-registry-client/lib/request.js:242:14)
60 verbose stack     at Request._callback (/usr/local/lib/node_modules/npm/node_modules/npm-registry-client/lib/request.js:172:14)
60 verbose stack     at Request.self.callback (/usr/local/lib/node_modules/npm/node_modules/request/request.js:200:22)
60 verbose stack     at emitTwo (events.js:87:13)
60 verbose stack     at Request.emit (events.js:172:7)
60 verbose stack     at Request.<anonymous> (/usr/local/lib/node_modules/npm/node_modules/request/request.js:1067:10)
60 verbose stack     at emitOne (events.js:82:20)
60 verbose stack     at Request.emit (events.js:169:7)
60 verbose stack     at IncomingMessage.<anonymous> (/usr/local/lib/node_modules/npm/node_modules/request/request.js:988:12)
61 verbose statusCode 404
62 verbose pkgid htmltable_export
63 verbose cwd /Users/albertlabarento/Developer/TestProjects/ncd-client
64 error Darwin 15.5.0
65 error argv "/usr/local/bin/node" "/usr/local/bin/npm" "install" "htmltable_export" "--save-dev"
66 error node v4.4.7
67 error npm  v2.15.8
68 error code E404
69 error 404 Registry returned 404 for GET on https://registry.npmjs.org/htmltable_export
69 error 404
69 error 404 'htmltable_export' is not in the npm registry.
69 error 404 You should bug the author to publish it (or use the name yourself!)
69 error 404 It was specified as a dependency of 'typescript-angular'
69 error 404
69 error 404 Note that you can also install from a
69 error 404 tarball, folder, http url, or git url.
70 verbose exit [ 1, true ]
